Release 13.2 - xst O.61xd (nt)
Copyright (c) 1995-2011 Xilinx, Inc.  All rights reserved.
--> Parameter TMPDIR set to xst/projnav.tmp


Total REAL time to Xst completion: 0.00 secs
Total CPU time to Xst completion: 0.17 secs
 
--> Parameter xsthdpdir set to xst


Total REAL time to Xst completion: 0.00 secs
Total CPU time to Xst completion: 0.17 secs
 
--> Reading design: bo.prj

TABLE OF CONTENTS
  1) Synthesis Options Summary
  2) HDL Parsing
  3) HDL Elaboration
  4) HDL Synthesis
       4.1) HDL Synthesis Report
  5) Advanced HDL Synthesis
       5.1) Advanced HDL Synthesis Report
  6) Low Level Synthesis
  7) Partition Report
  8) Design Summary
       8.1) Primitive and Black Box Usage
       8.2) Device utilization summary
       8.3) Partition Resource Summary
       8.4) Timing Report
            8.4.1) Clock Information
            8.4.2) Asynchronous Control Signals Information
            8.4.3) Timing Summary
            8.4.4) Timing Details
            8.4.5) Cross Clock Domains Report


=========================================================================
*                      Synthesis Options Summary                        *
=========================================================================
---- Source Parameters
Input File Name                    : "bo.prj"
Input Format                       : mixed
Ignore Synthesis Constraint File   : NO

---- Target Parameters
Output File Name                   : "bo"
Output Format                      : NGC
Target Device                      : xc7a30t-3-csg324

---- Source Options
Top Module Name                    : bo
Automatic FSM Extraction           : YES
FSM Encoding Algorithm             : Auto
Safe Implementation                : No
FSM Style                          : LUT
RAM Extraction                     : Yes
RAM Style                          : Auto
ROM Extraction                     : Yes
Shift Register Extraction          : YES
ROM Style                          : Auto
Resource Sharing                   : YES
Asynchronous To Synchronous        : NO
Shift Register Minimum Size        : 2
Use DSP Block                      : Auto
Automatic Register Balancing       : No

---- Target Options
LUT Combining                      : Auto
Reduce Control Sets                : Auto
Add IO Buffers                     : YES
Global Maximum Fanout              : 100000
Add Generic Clock Buffer(BUFG)     : 32
Register Duplication               : YES
Optimize Instantiated Primitives   : NO
Use Clock Enable                   : Auto
Use Synchronous Set                : Auto
Use Synchronous Reset              : Auto
Pack IO Registers into IOBs        : Auto
Equivalent register Removal        : YES

---- General Options
Optimization Goal                  : Speed
Optimization Effort                : 1
Power Reduction                    : NO
Keep Hierarchy                     : No
Netlist Hierarchy                  : As_Optimized
RTL Output                         : Yes
Global Optimization                : AllClockNets
Read Cores                         : YES
Write Timing Constraints           : NO
Cross Clock Analysis               : NO
Hierarchy Separator                : /
Bus Delimiter                      : <>
Case Specifier                     : Maintain
Slice Utilization Ratio            : 100
BRAM Utilization Ratio             : 100
DSP48 Utilization Ratio            : 100
Auto BRAM Packing                  : NO
Slice Utilization Ratio Delta      : 5

=========================================================================


=========================================================================
*                          HDL Parsing                                  *
=========================================================================
Parsing VHDL file "C:\Users\m95952\Desktop\VHDL-Arithmetic-Mean-master\register.vhd" into library work
Parsing entity <reg>.
INFO:HDLCompiler:1676 - "C:\Users\m95952\Desktop\VHDL-Arithmetic-Mean-master\register.vhd" Line 37. declaration of a buffer port will make it difficult for you to validate this design by simulation. It is preferable to declare it as output
Parsing architecture <Behavioral> of entity <reg>.
Parsing VHDL file "C:\Users\m95952\Desktop\VHDL-Arithmetic-Mean-master\mux.vhd" into library work
Parsing entity <mux>.
Parsing architecture <Behavioral> of entity <mux>.
Parsing VHDL file "C:\Users\m95952\Desktop\VHDL-Arithmetic-Mean-master\check_menor.vhd" into library work
Parsing entity <check_menor>.
Parsing architecture <Behavioral> of entity <check_menor>.
Parsing VHDL file "C:\Users\m95952\Desktop\VHDL-Arithmetic-Mean-master\bo.vhd" into library work
Parsing entity <bo>.
INFO:HDLCompiler:1676 - "C:\Users\m95952\Desktop\VHDL-Arithmetic-Mean-master\bo.vhd" Line 37. declaration of a buffer port will make it difficult for you to validate this design by simulation. It is preferable to declare it as output
INFO:HDLCompiler:1676 - "C:\Users\m95952\Desktop\VHDL-Arithmetic-Mean-master\bo.vhd" Line 38. declaration of a buffer port will make it difficult for you to validate this design by simulation. It is preferable to declare it as output
Parsing architecture <Behavioral> of entity <bo>.
INFO:HDLCompiler:1676 - "C:\Users\m95952\Desktop\VHDL-Arithmetic-Mean-master\bo.vhd" Line 52. declaration of a buffer port will make it difficult for you to validate this design by simulation. It is preferable to declare it as output
ERROR:HDLCompiler:69 - "C:\Users\m95952\Desktop\VHDL-Arithmetic-Mean-master\bo.vhd" Line 75: <counter> is not declared.
WARNING:HDLCompiler:439 - "C:\Users\m95952\Desktop\VHDL-Arithmetic-Mean-master\bo.vhd" Line 75: Formal port s of mode out cannot be associated with actual port option_sum_sub of mode in
ERROR:HDLCompiler:100 - "C:\Users\m95952\Desktop\VHDL-Arithmetic-Mean-master\bo.vhd" Line 75: option_sum_sub with mode 'in' cannot be updated
ERROR:HDLCompiler:27 - "C:\Users\m95952\Desktop\VHDL-Arithmetic-Mean-master\bo.vhd" Line 75: mux has only 4 ports
INFO:HDLCompiler:1408 - "C:\Users\m95952\Desktop\VHDL-Arithmetic-Mean-master\bo.vhd" Line 55. mux is declared here
WARNING:HDLCompiler:439 - "C:\Users\m95952\Desktop\VHDL-Arithmetic-Mean-master\bo.vhd" Line 76: Formal port s of mode out cannot be associated with actual port option_counter of mode in
ERROR:HDLCompiler:100 - "C:\Users\m95952\Desktop\VHDL-Arithmetic-Mean-master\bo.vhd" Line 76: option_counter with mode 'in' cannot be updated
ERROR:HDLCompiler:27 - "C:\Users\m95952\Desktop\VHDL-Arithmetic-Mean-master\bo.vhd" Line 76: mux has only 4 ports
INFO:HDLCompiler:1408 - "C:\Users\m95952\Desktop\VHDL-Arithmetic-Mean-master\bo.vhd" Line 55. mux is declared here
ERROR:HDLCompiler:854 - "C:\Users\m95952\Desktop\VHDL-Arithmetic-Mean-master\bo.vhd" Line 43: Unit <behavioral> ignored due to previous errors.
VHDL file C:\Users\m95952\Desktop\VHDL-Arithmetic-Mean-master\bo.vhd ignored due to errors
--> 

Total memory usage is 251892 kilobytes

Number of errors   :    6 (   0 filtered)
Number of warnings :    2 (   0 filtered)
Number of infos    :    0 (   0 filtered)

